[2025-03-25 09:07:57] Received POST data: Array
(
    [otp] => 440306
    [email] => enanojra@gmail.com
)

[2025-03-25 09:09:26] Received POST data: Array
(
    [otp] => 367986
    [email] => enanojra@gmail.com
)

[2025-03-25 09:10:23] Received POST data: Array
(
    [otp] => 073751
    [email] => enanojra@gmail.com
)

[2025-03-25 09:11:20] Received POST data: Array
(
    [otp] => 404269
    [email] => enanojra@gmail.com
)

[2025-03-26 10:13:01] Received POST data: Array
(
    [otp] => 212232
    [email] => enanojra@gmail.com
)

[2025-03-27 09:44:39] Received POST data: Array
(
    [otp] => 005751
    [email] => enanojra@gmail.com
)

